<?xml version="1.0" ?>
<!DOCTYPE coverage SYSTEM "http://cobertura.sourceforge.net/xml/coverage-04.dtd">
<coverage lines-valid="420" lines-covered="403" line-rate="0.9595" branches-valid="141" branches-covered="127" branch-rate="0.9007" timestamp="1780948778506" complexity="0" version="0.1">
  <sources>
    <source>/Users/stw/Code/dnug2026/phase6</source>
  </sources>
  <packages>
    <package name="src" line-rate="0.9584" branch-rate="0.8887999999999999">
      <classes>
        <class name="auth.ts" filename="src/auth.ts" line-rate="0.9851000000000001" branch-rate="0.9031999999999999">
          <methods>
            <method name="(anonymous_0)" hits="8" signature="()V">
              <lines>
                <line number="39" hits="8"/>
              </lines>
            </method>
            <method name="(anonymous_1)" hits="5" signature="()V">
              <lines>
                <line number="60" hits="5"/>
              </lines>
            </method>
            <method name="(anonymous_2)" hits="4" signature="()V">
              <lines>
                <line number="78" hits="4"/>
              </lines>
            </method>
            <method name="(anonymous_3)" hits="3" signature="()V">
              <lines>
                <line number="84" hits="3"/>
              </lines>
            </method>
            <method name="(anonymous_4)" hits="3" signature="()V">
              <lines>
                <line number="85" hits="3"/>
              </lines>
            </method>
            <method name="(anonymous_5)" hits="2" signature="()V">
              <lines>
                <line number="86" hits="2"/>
              </lines>
            </method>
            <method name="(anonymous_6)" hits="20" signature="()V">
              <lines>
                <line number="111" hits="20"/>
              </lines>
            </method>
            <method name="(anonymous_7)" hits="441" signature="()V">
              <lines>
                <line number="120" hits="441"/>
              </lines>
            </method>
            <method name="(anonymous_8)" hits="5" signature="()V">
              <lines>
                <line number="136" hits="5"/>
              </lines>
            </method>
            <method name="(anonymous_9)" hits="7" signature="()V">
              <lines>
                <line number="160" hits="7"/>
              </lines>
            </method>
            <method name="(anonymous_10)" hits="22" signature="()V">
              <lines>
                <line number="196" hits="22"/>
              </lines>
            </method>
            <method name="(anonymous_11)" hits="3" signature="()V">
              <lines>
                <line number="223" hits="3"/>
              </lines>
            </method>
            <method name="(anonymous_12)" hits="2" signature="()V">
              <lines>
                <line number="241" hits="2"/>
              </lines>
            </method>
            <method name="(anonymous_13)" hits="1" signature="()V">
              <lines>
                <line number="249" hits="1"/>
              </lines>
            </method>
            <method name="(anonymous_14)" hits="1" signature="()V">
              <lines>
                <line number="250" hits="1"/>
              </lines>
            </method>
            <method name="(anonymous_15)" hits="2" signature="()V">
              <lines>
                <line number="268" hits="2"/>
              </lines>
            </method>
            <method name="(anonymous_16)" hits="2" signature="()V">
              <lines>
                <line number="285" hits="2"/>
              </lines>
            </method>
            <method name="(anonymous_17)" hits="2" signature="()V">
              <lines>
                <line number="286" hits="2"/>
              </lines>
            </method>
            <method name="(anonymous_18)" hits="2" signature="()V">
              <lines>
                <line number="292" hits="2"/>
              </lines>
            </method>
            <method name="(anonymous_19)" hits="2" signature="()V">
              <lines>
                <line number="296" hits="2"/>
              </lines>
            </method>
            <method name="(anonymous_20)" hits="13" signature="()V">
              <lines>
                <line number="328" hits="13"/>
              </lines>
            </method>
            <method name="(anonymous_21)" hits="13" signature="()V">
              <lines>
                <line number="373" hits="13"/>
              </lines>
            </method>
            <method name="(anonymous_22)" hits="4" signature="()V">
              <lines>
                <line number="420" hits="4"/>
              </lines>
            </method>
          </methods>
          <lines>
            <line number="39" hits="1" branch="false"/>
            <line number="40" hits="8" branch="false"/>
            <line number="60" hits="1" branch="false"/>
            <line number="61" hits="5" branch="false"/>
            <line number="62" hits="5" branch="false"/>
            <line number="64" hits="5" branch="true" condition-coverage="100% (4/4)"/>
            <line number="68" hits="1" branch="false"/>
            <line number="71" hits="4" branch="false"/>
            <line number="79" hits="4" branch="true" condition-coverage="100% (2/2)"/>
            <line number="80" hits="1" branch="false"/>
            <line number="82" hits="3" branch="false"/>
            <line number="84" hits="3" branch="false"/>
            <line number="85" hits="3" branch="false"/>
            <line number="87" hits="2" branch="false"/>
            <line number="88" hits="2" branch="true" condition-coverage="50% (1/2)"/>
            <line number="94" hits="4" branch="true" condition-coverage="100% (2/2)"/>
            <line number="111" hits="1" branch="false"/>
            <line number="112" hits="20" branch="false"/>
            <line number="113" hits="20" branch="true" condition-coverage="100% (2/2)"/>
            <line number="114" hits="2" branch="false"/>
            <line number="116" hits="18" branch="false"/>
            <line number="117" hits="18" branch="false"/>
            <line number="120" hits="441" branch="false"/>
            <line number="121" hits="18" branch="false"/>
            <line number="122" hits="18" branch="false"/>
            <line number="136" hits="1" branch="false"/>
            <line number="137" hits="5" branch="false"/>
            <line number="139" hits="5" branch="false"/>
            <line number="140" hits="11" branch="false"/>
            <line number="141" hits="11" branch="true" condition-coverage="100% (4/4)"/>
            <line number="142" hits="3" branch="false"/>
            <line number="146" hits="2" branch="false"/>
            <line number="160" hits="1" branch="false"/>
            <line number="161" hits="7" branch="true" condition-coverage="100% (4/4)"/>
            <line number="162" hits="5" branch="true" condition-coverage="100% (2/2)"/>
            <line number="163" hits="5" branch="false"/>
            <line number="164" hits="5" branch="false"/>
            <line number="166" hits="5" branch="false"/>
            <line number="167" hits="5" branch="false"/>
            <line number="168" hits="5" branch="false"/>
            <line number="170" hits="5" branch="true" condition-coverage="100% (2/2)"/>
            <line number="171" hits="1" branch="false"/>
            <line number="174" hits="5" branch="false"/>
            <line number="176" hits="5" branch="false"/>
            <line number="177" hits="5" branch="false"/>
            <line number="178" hits="5" branch="false"/>
            <line number="179" hits="5" branch="false"/>
            <line number="181" hits="2" branch="false"/>
            <line number="196" hits="1" branch="false"/>
            <line number="197" hits="22" branch="false"/>
            <line number="198" hits="22" branch="true" condition-coverage="100% (2/2)"/>
            <line number="200" hits="12" branch="false"/>
            <line number="201" hits="12" branch="false"/>
            <line number="202" hits="12" branch="false"/>
            <line number="203" hits="12" branch="true" condition-coverage="100% (2/2)"/>
            <line number="204" hits="10" branch="false"/>
            <line number="206" hits="1" branch="false"/>
            <line number="223" hits="1" branch="false"/>
            <line number="224" hits="3" branch="false"/>
            <line number="225" hits="3" branch="false"/>
            <line number="226" hits="3" branch="false"/>
            <line number="227" hits="3" branch="false"/>
            <line number="228" hits="3" branch="false"/>
            <line number="229" hits="3" branch="false"/>
            <line number="230" hits="3" branch="false"/>
            <line number="232" hits="3" branch="true" condition-coverage="100% (2/2)"/>
            <line number="233" hits="2" branch="false"/>
            <line number="242" hits="2" branch="true" condition-coverage="100% (2/2)"/>
            <line number="243" hits="1" branch="false"/>
            <line number="244" hits="1" branch="false"/>
            <line number="245" hits="1" branch="false"/>
            <line number="247" hits="1" branch="false"/>
            <line number="249" hits="1" branch="false"/>
            <line number="251" hits="1" branch="false"/>
            <line number="252" hits="1" branch="false"/>
            <line number="254" hits="2" branch="false"/>
            <line number="256" hits="1" branch="false"/>
            <line number="258" hits="1" branch="false"/>
            <line number="268" hits="1" branch="false"/>
            <line number="269" hits="2" branch="false"/>
            <line number="270" hits="2" branch="true" condition-coverage="75% (3/4)"/>
            <line number="285" hits="1" branch="false"/>
            <line number="286" hits="2" branch="false"/>
            <line number="287" hits="2" branch="false"/>
            <line number="288" hits="2" branch="true" condition-coverage="50% (1/2)"/>
            <line number="289" hits="0" branch="false"/>
            <line number="290" hits="0" branch="false"/>
            <line number="292" hits="2" branch="false"/>
            <line number="293" hits="2" branch="false"/>
            <line number="294" hits="2" branch="false"/>
            <line number="296" hits="2" branch="false"/>
            <line number="297" hits="2" branch="false"/>
            <line number="298" hits="2" branch="false"/>
            <line number="300" hits="2" branch="false"/>
            <line number="301" hits="2" branch="false"/>
            <line number="302" hits="2" branch="false"/>
            <line number="328" hits="1" branch="true" condition-coverage="100% (2/2)"/>
            <line number="329" hits="13" branch="false"/>
            <line number="331" hits="13" branch="false"/>
            <line number="332" hits="9" branch="false"/>
            <line number="333" hits="9" branch="false"/>
            <line number="334" hits="9" branch="false"/>
            <line number="336" hits="9" branch="true" condition-coverage="100% (2/2)"/>
            <line number="337" hits="3" branch="false"/>
            <line number="340" hits="6" branch="true" condition-coverage="50% (1/2)"/>
            <line number="341" hits="13" branch="true" condition-coverage="100% (2/2)"/>
            <line number="342" hits="5" branch="false"/>
            <line number="344" hits="1" branch="false"/>
            <line number="346" hits="7" branch="false"/>
            <line number="347" hits="7" branch="false"/>
            <line number="373" hits="1" branch="false"/>
            <line number="374" hits="13" branch="true" condition-coverage="100% (2/2)"/>
            <line number="375" hits="6" branch="false"/>
            <line number="378" hits="7" branch="false"/>
            <line number="379" hits="7" branch="true" condition-coverage="100% (2/2)"/>
            <line number="381" hits="4" branch="false"/>
            <line number="382" hits="2" branch="true" condition-coverage="50% (1/2)"/>
            <line number="383" hits="2" branch="false"/>
            <line number="387" hits="3" branch="true" condition-coverage="100% (2/2)"/>
            <line number="388" hits="2" branch="false"/>
            <line number="389" hits="2" branch="true" condition-coverage="100% (2/2)"/>
            <line number="390" hits="1" branch="false"/>
            <line number="393" hits="2" branch="false"/>
            <line number="420" hits="1" branch="false"/>
            <line number="421" hits="4" branch="false"/>
            <line number="422" hits="4" branch="true" condition-coverage="100% (2/2)"/>
            <line number="423" hits="4" branch="false"/>
            <line number="434" hits="4" branch="true" condition-coverage="100% (2/2)"/>
            <line number="435" hits="2" branch="false"/>
            <line number="436" hits="2" branch="false"/>
            <line number="437" hits="2" branch="true" condition-coverage="50% (1/2)"/>
            <line number="439" hits="2" branch="false"/>
            <line number="442" hits="2" branch="false"/>
            <line number="443" hits="2" branch="false"/>
            <line number="444" hits="2" branch="false"/>
          </lines>
        </class>
        <class name="constants.ts" filename="src/constants.ts" line-rate="1" branch-rate="1">
          <methods>
          </methods>
          <lines>
            <line number="14" hits="3" branch="false"/>
            <line number="15" hits="3" branch="false"/>
          </lines>
        </class>
        <class name="customerdata.ts" filename="src/customerdata.ts" line-rate="1" branch-rate="1">
          <methods>
            <method name="(anonymous_0)" hits="13" signature="()V">
              <lines>
                <line number="30" hits="13"/>
              </lines>
            </method>
            <method name="(anonymous_1)" hits="10" signature="()V">
              <lines>
                <line number="46" hits="10"/>
              </lines>
            </method>
          </methods>
          <lines>
            <line number="20" hits="1" branch="false"/>
            <line number="27" hits="1" branch="false"/>
            <line number="30" hits="1" branch="false"/>
            <line number="31" hits="13" branch="false"/>
            <line number="46" hits="1" branch="true" condition-coverage="100% (1/1)"/>
            <line number="47" hits="10" branch="false"/>
            <line number="48" hits="10" branch="false"/>
            <line number="49" hits="10" branch="false"/>
            <line number="50" hits="9" branch="true" condition-coverage="100% (2/2)"/>
            <line number="51" hits="10" branch="false"/>
            <line number="53" hits="1" branch="false"/>
            <line number="54" hits="1" branch="false"/>
            <line number="55" hits="1" branch="false"/>
          </lines>
        </class>
        <class name="index.ts" filename="src/index.ts" line-rate="1" branch-rate="1">
          <methods>
            <method name="(anonymous_0)" hits="3" signature="()V">
              <lines>
                <line number="31" hits="3"/>
              </lines>
            </method>
            <method name="(anonymous_1)" hits="3" signature="()V">
              <lines>
                <line number="46" hits="3"/>
              </lines>
            </method>
          </methods>
          <lines>
            <line number="31" hits="3" branch="false"/>
            <line number="32" hits="3" branch="false"/>
            <line number="33" hits="3" branch="false"/>
            <line number="34" hits="3" branch="true" condition-coverage="100% (2/2)"/>
            <line number="35" hits="3" branch="false"/>
            <line number="36" hits="3" branch="true" condition-coverage="100% (2/2)"/>
            <line number="37" hits="1" branch="false"/>
            <line number="38" hits="1" branch="false"/>
            <line number="46" hits="3" branch="false"/>
            <line number="47" hits="3" branch="false"/>
            <line number="48" hits="3" branch="false"/>
            <line number="49" hits="3" branch="false"/>
            <line number="54" hits="3" branch="true" condition-coverage="100% (2/2)"/>
            <line number="55" hits="2" branch="false"/>
            <line number="57" hits="1" branch="false"/>
          </lines>
        </class>
        <class name="menuItems.ts" filename="src/menuItems.ts" line-rate="0.8723000000000001" branch-rate="0.7692">
          <methods>
            <method name="(anonymous_0)" hits="78" signature="()V">
              <lines>
                <line number="34" hits="78"/>
              </lines>
            </method>
            <method name="(anonymous_1)" hits="1" signature="()V">
              <lines>
                <line number="34" hits="1"/>
              </lines>
            </method>
            <method name="(anonymous_2)" hits="13" signature="()V">
              <lines>
                <line number="57" hits="13"/>
              </lines>
            </method>
            <method name="(anonymous_3)" hits="1" signature="()V">
              <lines>
                <line number="72" hits="1"/>
              </lines>
            </method>
            <method name="(anonymous_4)" hits="1" signature="()V">
              <lines>
                <line number="89" hits="1"/>
              </lines>
            </method>
            <method name="(anonymous_5)" hits="3" signature="()V">
              <lines>
                <line number="126" hits="3"/>
              </lines>
            </method>
            <method name="(anonymous_6)" hits="2" signature="()V">
              <lines>
                <line number="163" hits="2"/>
              </lines>
            </method>
            <method name="(anonymous_7)" hits="3" signature="()V">
              <lines>
                <line number="185" hits="3"/>
              </lines>
            </method>
            <method name="(anonymous_8)" hits="3" signature="()V">
              <lines>
                <line number="205" hits="3"/>
              </lines>
            </method>
          </methods>
          <lines>
            <line number="34" hits="1" branch="true" condition-coverage="100% (1/1)"/>
            <line number="35" hits="78" branch="false"/>
            <line number="36" hits="78" branch="true" condition-coverage="100% (2/2)"/>
            <line number="37" hits="67" branch="false"/>
            <line number="39" hits="11" branch="false"/>
            <line number="57" hits="1" branch="false"/>
            <line number="58" hits="13" branch="false"/>
            <line number="59" hits="13" branch="false"/>
            <line number="60" hits="13" branch="false"/>
            <line number="61" hits="13" branch="false"/>
            <line number="62" hits="13" branch="false"/>
            <line number="63" hits="13" branch="false"/>
            <line number="72" hits="1" branch="false"/>
            <line number="73" hits="1" branch="false"/>
            <line number="74" hits="1" branch="false"/>
            <line number="75" hits="1" branch="false"/>
            <line number="76" hits="1" branch="false"/>
            <line number="77" hits="1" branch="false"/>
            <line number="89" hits="1" branch="false"/>
            <line number="90" hits="1" branch="false"/>
            <line number="91" hits="1" branch="false"/>
            <line number="92" hits="1" branch="true" condition-coverage="50% (1/2)"/>
            <line number="93" hits="1" branch="false"/>
            <line number="94" hits="1" branch="false"/>
            <line number="95" hits="1" branch="false"/>
            <line number="98" hits="1" branch="false"/>
            <line number="99" hits="1" branch="false"/>
            <line number="100" hits="1" branch="true" condition-coverage="50% (1/2)"/>
            <line number="101" hits="0" branch="false"/>
            <line number="102" hits="0" branch="false"/>
            <line number="103" hits="0" branch="false"/>
            <line number="104" hits="0" branch="false"/>
            <line number="105" hits="0" branch="false"/>
            <line number="106" hits="0" branch="false"/>
            <line number="108" hits="1" branch="false"/>
            <line number="110" hits="0" branch="false"/>
            <line number="111" hits="0" branch="false"/>
            <line number="112" hits="0" branch="false"/>
            <line number="113" hits="0" branch="false"/>
            <line number="114" hits="0" branch="false"/>
            <line number="115" hits="0" branch="false"/>
            <line number="126" hits="1" branch="false"/>
            <line number="127" hits="3" branch="false"/>
            <line number="128" hits="3" branch="false"/>
            <line number="129" hits="3" branch="true" condition-coverage="50% (1/2)"/>
            <line number="130" hits="3" branch="false"/>
            <line number="131" hits="3" branch="false"/>
            <line number="132" hits="3" branch="false"/>
            <line number="135" hits="3" branch="false"/>
            <line number="136" hits="3" branch="false"/>
            <line number="137" hits="2" branch="true" condition-coverage="100% (2/2)"/>
            <line number="138" hits="1" branch="false"/>
            <line number="139" hits="1" branch="false"/>
            <line number="140" hits="1" branch="false"/>
            <line number="141" hits="1" branch="false"/>
            <line number="142" hits="1" branch="false"/>
            <line number="143" hits="1" branch="false"/>
            <line number="145" hits="1" branch="false"/>
            <line number="147" hits="1" branch="false"/>
            <line number="148" hits="1" branch="false"/>
            <line number="149" hits="1" branch="false"/>
            <line number="150" hits="1" branch="false"/>
            <line number="151" hits="1" branch="false"/>
            <line number="152" hits="1" branch="false"/>
            <line number="163" hits="1" branch="false"/>
            <line number="164" hits="2" branch="false"/>
            <line number="165" hits="2" branch="false"/>
            <line number="166" hits="2" branch="false"/>
            <line number="167" hits="2" branch="false"/>
            <line number="168" hits="1" branch="false"/>
            <line number="169" hits="1" branch="false"/>
            <line number="171" hits="1" branch="false"/>
            <line number="172" hits="1" branch="false"/>
            <line number="173" hits="1" branch="false"/>
            <line number="174" hits="1" branch="false"/>
            <line number="185" hits="1" branch="false"/>
            <line number="186" hits="3" branch="false"/>
            <line number="187" hits="3" branch="false"/>
            <line number="188" hits="3" branch="false"/>
            <line number="189" hits="3" branch="false"/>
            <line number="190" hits="3" branch="false"/>
            <line number="205" hits="1" branch="false"/>
            <line number="206" hits="3" branch="false"/>
            <line number="207" hits="3" branch="true" condition-coverage="100% (2/2)"/>
            <line number="208" hits="1" branch="false"/>
            <line number="209" hits="1" branch="false"/>
            <line number="210" hits="1" branch="false"/>
            <line number="213" hits="2" branch="false"/>
            <line number="214" hits="2" branch="false"/>
            <line number="215" hits="2" branch="false"/>
            <line number="216" hits="2" branch="false"/>
            <line number="218" hits="1" branch="false"/>
            <line number="219" hits="1" branch="false"/>
            <line number="220" hits="1" branch="false"/>
          </lines>
        </class>
        <class name="oidcauth.ts" filename="src/oidcauth.ts" line-rate="1" branch-rate="0.84">
          <methods>
            <method name="(anonymous_0)" hits="5" signature="()V">
              <lines>
                <line number="36" hits="5"/>
              </lines>
            </method>
            <method name="(anonymous_1)" hits="10" signature="()V">
              <lines>
                <line number="76" hits="10"/>
              </lines>
            </method>
            <method name="(anonymous_2)" hits="5" signature="()V">
              <lines>
                <line number="93" hits="5"/>
              </lines>
            </method>
            <method name="(anonymous_3)" hits="5" signature="()V">
              <lines>
                <line number="106" hits="5"/>
              </lines>
            </method>
            <method name="(anonymous_4)" hits="3" signature="()V">
              <lines>
                <line number="122" hits="3"/>
              </lines>
            </method>
            <method name="(anonymous_5)" hits="5" signature="()V">
              <lines>
                <line number="147" hits="5"/>
              </lines>
            </method>
            <method name="(anonymous_6)" hits="2" signature="()V">
              <lines>
                <line number="181" hits="2"/>
              </lines>
            </method>
          </methods>
          <lines>
            <line number="36" hits="1" branch="false"/>
            <line number="37" hits="5" branch="false"/>
            <line number="38" hits="5" branch="false"/>
            <line number="39" hits="5" branch="false"/>
            <line number="40" hits="5" branch="false"/>
            <line number="42" hits="5" branch="true" condition-coverage="100% (2/2)"/>
            <line number="43" hits="1" branch="false"/>
            <line number="44" hits="4" branch="true" condition-coverage="100% (2/2)"/>
            <line number="45" hits="3" branch="false"/>
            <line number="48" hits="5" branch="true" condition-coverage="100% (2/2)"/>
            <line number="49" hits="1" branch="false"/>
            <line number="50" hits="4" branch="true" condition-coverage="100% (2/2)"/>
            <line number="51" hits="3" branch="false"/>
            <line number="54" hits="5" branch="true" condition-coverage="100% (2/2)"/>
            <line number="55" hits="1" branch="false"/>
            <line number="57" hits="4" branch="true" condition-coverage="100% (2/2)"/>
            <line number="58" hits="1" branch="false"/>
            <line number="62" hits="3" branch="true" condition-coverage="100% (2/2)"/>
            <line number="63" hits="1" branch="false"/>
            <line number="64" hits="1" branch="false"/>
            <line number="67" hits="3" branch="false"/>
            <line number="76" hits="1" branch="true" condition-coverage="100% (1/1)"/>
            <line number="77" hits="10" branch="false"/>
            <line number="78" hits="10" branch="false"/>
            <line number="79" hits="10" branch="false"/>
            <line number="80" hits="10" branch="false"/>
            <line number="81" hits="10" branch="false"/>
            <line number="82" hits="800" branch="false"/>
            <line number="84" hits="10" branch="false"/>
            <line number="93" hits="1" branch="false"/>
            <line number="94" hits="5" branch="false"/>
            <line number="95" hits="5" branch="false"/>
            <line number="96" hits="5" branch="false"/>
            <line number="97" hits="5" branch="false"/>
            <line number="106" hits="1" branch="false"/>
            <line number="107" hits="5" branch="false"/>
            <line number="122" hits="1" branch="false"/>
            <line number="123" hits="3" branch="false"/>
            <line number="133" hits="3" branch="false"/>
            <line number="147" hits="1" branch="false"/>
            <line number="148" hits="5" branch="false"/>
            <line number="149" hits="5" branch="false"/>
            <line number="150" hits="5" branch="false"/>
            <line number="151" hits="5" branch="false"/>
            <line number="152" hits="5" branch="false"/>
            <line number="154" hits="3" branch="false"/>
            <line number="155" hits="3" branch="false"/>
            <line number="156" hits="3" branch="false"/>
            <line number="158" hits="3" branch="false"/>
            <line number="160" hits="2" branch="true" condition-coverage="50% (1/2)"/>
            <line number="161" hits="2" branch="false"/>
            <line number="162" hits="2" branch="false"/>
            <line number="181" hits="1" branch="false"/>
            <line number="182" hits="2" branch="false"/>
            <line number="183" hits="2" branch="false"/>
            <line number="185" hits="2" branch="false"/>
            <line number="199" hits="2" branch="true" condition-coverage="100% (2/2)"/>
            <line number="200" hits="1" branch="false"/>
            <line number="202" hits="1" branch="false"/>
            <line number="203" hits="1" branch="false"/>
            <line number="204" hits="1" branch="false"/>
          </lines>
        </class>
        <class name="utils.ts" filename="src/utils.ts" line-rate="1" branch-rate="1">
          <methods>
            <method name="(anonymous_0)" hits="11" signature="()V">
              <lines>
                <line number="26" hits="11"/>
              </lines>
            </method>
            <method name="(anonymous_1)" hits="5" signature="()V">
              <lines>
                <line number="35" hits="5"/>
              </lines>
            </method>
            <method name="(anonymous_2)" hits="9" signature="()V">
              <lines>
                <line number="63" hits="9"/>
              </lines>
            </method>
            <method name="(anonymous_3)" hits="5" signature="()V">
              <lines>
                <line number="73" hits="5"/>
              </lines>
            </method>
          </methods>
          <lines>
            <line number="26" hits="2" branch="false"/>
            <line number="27" hits="11" branch="false"/>
            <line number="29" hits="11" branch="true" condition-coverage="100% (2/2)"/>
            <line number="30" hits="7" branch="false"/>
            <line number="34" hits="4" branch="false"/>
            <line number="35" hits="4" branch="false"/>
            <line number="36" hits="5" branch="true" condition-coverage="100% (2/2)"/>
            <line number="37" hits="1" branch="false"/>
            <line number="41" hits="4" branch="false"/>
            <line number="63" hits="2" branch="false"/>
            <line number="64" hits="9" branch="false"/>
            <line number="66" hits="9" branch="true" condition-coverage="100% (2/2)"/>
            <line number="67" hits="6" branch="false"/>
            <line number="71" hits="3" branch="true" condition-coverage="100% (2/2)"/>
            <line number="73" hits="9" branch="false"/>
            <line number="74" hits="5" branch="false"/>
            <line number="77" hits="9" branch="false"/>
          </lines>
        </class>
      </classes>
    </package>
    <package name="src.components" line-rate="0.9638" branch-rate="0.9582999999999999">
      <classes>
        <class name="dnug-actionbar.ts" filename="src/components/dnug-actionbar.ts" line-rate="1" branch-rate="1">
          <methods>
            <method name="(anonymous_0)" hits="1" signature="()V">
              <lines>
                <line number="156" hits="1"/>
              </lines>
            </method>
            <method name="connectedCallback" hits="8" signature="()V">
              <lines>
                <line number="47" hits="8"/>
              </lines>
            </method>
            <method name="disconnectedCallback" hits="7" signature="()V">
              <lines>
                <line number="57" hits="7"/>
              </lines>
            </method>
            <method name="render" hits="10" signature="()V">
              <lines>
                <line number="98" hits="10"/>
              </lines>
            </method>
            <method name="syncAuthState" hits="10" signature="()V">
              <lines>
                <line number="164" hits="10"/>
              </lines>
            </method>
            <method name="toggleColorScheme" hits="2" signature="()V">
              <lines>
                <line number="170" hits="2"/>
              </lines>
            </method>
            <method name="openLogin" hits="2" signature="()V">
              <lines>
                <line number="179" hits="2"/>
              </lines>
            </method>
            <method name="openLogout" hits="1" signature="()V">
              <lines>
                <line number="194" hits="1"/>
              </lines>
            </method>
          </methods>
          <lines>
            <line number="33" hits="1" branch="false"/>
            <line number="34" hits="1" branch="false"/>
            <line number="36" hits="1" branch="false"/>
            <line number="37" hits="8" branch="false"/>
            <line number="40" hits="1" branch="false"/>
            <line number="41" hits="8" branch="false"/>
            <line number="48" hits="8" branch="false"/>
            <line number="49" hits="8" branch="false"/>
            <line number="50" hits="8" branch="false"/>
            <line number="58" hits="7" branch="false"/>
            <line number="59" hits="7" branch="false"/>
            <line number="63" hits="1" branch="false"/>
            <line number="99" hits="10" branch="false"/>
            <line number="156" hits="8" branch="false"/>
            <line number="157" hits="1" branch="false"/>
            <line number="165" hits="10" branch="false"/>
            <line number="166" hits="10" branch="false"/>
            <line number="171" hits="2" branch="false"/>
            <line number="180" hits="2" branch="false"/>
            <line number="181" hits="2" branch="false"/>
            <line number="183" hits="2" branch="true" condition-coverage="100% (2/2)"/>
            <line number="184" hits="1" branch="false"/>
            <line number="186" hits="1" branch="false"/>
            <line number="195" hits="1" branch="false"/>
            <line number="196" hits="1" branch="false"/>
            <line number="197" hits="1" branch="false"/>
          </lines>
        </class>
        <class name="dnug-datagrid.ts" filename="src/components/dnug-datagrid.ts" line-rate="0.9189" branch-rate="0.9285">
          <methods>
            <method name="parseFields" hits="37" signature="()V">
              <lines>
                <line number="29" hits="37"/>
              </lines>
            </method>
            <method name="(anonymous_1)" hits="57" signature="()V">
              <lines>
                <line number="32" hits="57"/>
              </lines>
            </method>
            <method name="(anonymous_2)" hits="57" signature="()V">
              <lines>
                <line number="33" hits="57"/>
              </lines>
            </method>
            <method name="addRow" hits="2" signature="()V">
              <lines>
                <line number="94" hits="2"/>
              </lines>
            </method>
            <method name="addRows" hits="3" signature="()V">
              <lines>
                <line number="106" hits="3"/>
              </lines>
            </method>
            <method name="render" hits="33" signature="()V">
              <lines>
                <line number="114" hits="33"/>
              </lines>
            </method>
            <method name="(anonymous_6)" hits="24" signature="()V">
              <lines>
                <line number="123" hits="24"/>
              </lines>
            </method>
            <method name="(anonymous_7)" hits="20" signature="()V">
              <lines>
                <line number="127" hits="20"/>
              </lines>
            </method>
            <method name="(anonymous_8)" hits="39" signature="()V">
              <lines>
                <line number="130" hits="39"/>
              </lines>
            </method>
            <method name="cellValue" hits="39" signature="()V">
              <lines>
                <line number="148" hits="39"/>
              </lines>
            </method>
          </methods>
          <lines>
            <line number="30" hits="37" branch="false"/>
            <line number="32" hits="57" branch="false"/>
            <line number="33" hits="57" branch="false"/>
            <line number="39" hits="2" branch="false"/>
            <line number="40" hits="2" branch="false"/>
            <line number="42" hits="2" branch="false"/>
            <line number="43" hits="19" branch="false"/>
            <line number="46" hits="2" branch="false"/>
            <line number="47" hits="19" branch="false"/>
            <line number="50" hits="2" branch="false"/>
            <line number="51" hits="19" branch="false"/>
            <line number="54" hits="2" branch="false"/>
            <line number="55" hits="19" branch="false"/>
            <line number="58" hits="2" branch="false"/>
            <line number="95" hits="2" branch="false"/>
            <line number="96" hits="2" branch="false"/>
            <line number="107" hits="3" branch="true" condition-coverage="100% (2/2)"/>
            <line number="108" hits="1" branch="false"/>
            <line number="110" hits="2" branch="false"/>
            <line number="111" hits="2" branch="false"/>
            <line number="115" hits="33" branch="false"/>
            <line number="116" hits="33" branch="true" condition-coverage="100% (4/4)"/>
            <line number="117" hits="20" branch="false"/>
            <line number="119" hits="13" branch="false"/>
            <line number="123" hits="24" branch="false"/>
            <line number="128" hits="20" branch="false"/>
            <line number="130" hits="39" branch="false"/>
            <line number="149" hits="39" branch="true" condition-coverage="100% (2/2)"/>
            <line number="150" hits="5" branch="false"/>
            <line number="152" hits="34" branch="false"/>
            <line number="153" hits="34" branch="true" condition-coverage="100% (4/4)"/>
            <line number="154" hits="2" branch="false"/>
            <line number="156" hits="32" branch="true" condition-coverage="50% (1/2)"/>
            <line number="157" hits="0" branch="false"/>
            <line number="158" hits="0" branch="false"/>
            <line number="160" hits="0" branch="false"/>
            <line number="163" hits="32" branch="false"/>
          </lines>
        </class>
        <class name="dnug-login.ts" filename="src/components/dnug-login.ts" line-rate="1" branch-rate="1">
          <methods>
            <method name="show" hits="2" signature="()V">
              <lines>
                <line number="54" hits="2"/>
              </lines>
            </method>
            <method name="hide" hits="2" signature="()V">
              <lines>
                <line number="59" hits="2"/>
              </lines>
            </method>
            <method name="handleSubmit" hits="3" signature="()V">
              <lines>
                <line number="73" hits="3"/>
              </lines>
            </method>
            <method name="onOidcLogin" hits="1" signature="()V">
              <lines>
                <line number="96" hits="1"/>
              </lines>
            </method>
            <method name="render" hits="7" signature="()V">
              <lines>
                <line number="107" hits="7"/>
              </lines>
            </method>
          </methods>
          <lines>
            <line number="32" hits="1" branch="false"/>
            <line number="33" hits="1" branch="false"/>
            <line number="35" hits="1" branch="false"/>
            <line number="39" hits="5" branch="false"/>
            <line number="42" hits="1" branch="false"/>
            <line number="55" hits="2" branch="false"/>
            <line number="60" hits="2" branch="false"/>
            <line number="74" hits="3" branch="false"/>
            <line number="76" hits="3" branch="false"/>
            <line number="77" hits="3" branch="false"/>
            <line number="78" hits="3" branch="true" condition-coverage="100% (2/2)"/>
            <line number="79" hits="3" branch="true" condition-coverage="100% (2/2)"/>
            <line number="80" hits="3" branch="false"/>
            <line number="81" hits="3" branch="true" condition-coverage="100% (2/2)"/>
            <line number="82" hits="1" branch="false"/>
            <line number="83" hits="1" branch="false"/>
            <line number="85" hits="2" branch="false"/>
            <line number="97" hits="1" branch="false"/>
            <line number="98" hits="1" branch="false"/>
            <line number="108" hits="7" branch="false"/>
          </lines>
        </class>
      </classes>
    </package>
  </packages>
</coverage>
