{"total": {"lines":{"total":420,"covered":403,"skipped":0,"pct":95.95},"statements":{"total":425,"covered":408,"skipped":0,"pct":96},"functions":{"total":70,"covered":70,"skipped":0,"pct":100},"branches":{"total":141,"covered":127,"skipped":0,"pct":90.07},"branchesTrue":{"total":0,"covered":0,"skipped":0,"pct":100}}
,"/Users/stw/Code/dnug2026/phase6/src/auth.ts": {"lines":{"total":135,"covered":133,"skipped":0,"pct":98.51},"functions":{"total":23,"covered":23,"skipped":0,"pct":100},"statements":{"total":138,"covered":136,"skipped":0,"pct":98.55},"branches":{"total":62,"covered":56,"skipped":0,"pct":90.32}}
,"/Users/stw/Code/dnug2026/phase6/src/constants.ts": {"lines":{"total":2,"covered":2,"skipped":0,"pct":100},"functions":{"total":0,"covered":0,"skipped":0,"pct":100},"statements":{"total":2,"covered":2,"skipped":0,"pct":100},"branches":{"total":0,"covered":0,"skipped":0,"pct":100}}
,"/Users/stw/Code/dnug2026/phase6/src/customerdata.ts": {"lines":{"total":13,"covered":13,"skipped":0,"pct":100},"functions":{"total":2,"covered":2,"skipped":0,"pct":100},"statements":{"total":13,"covered":13,"skipped":0,"pct":100},"branches":{"total":3,"covered":3,"skipped":0,"pct":100}}
,"/Users/stw/Code/dnug2026/phase6/src/index.ts": {"lines":{"total":15,"covered":15,"skipped":0,"pct":100},"functions":{"total":2,"covered":2,"skipped":0,"pct":100},"statements":{"total":15,"covered":15,"skipped":0,"pct":100},"branches":{"total":6,"covered":6,"skipped":0,"pct":100}}
,"/Users/stw/Code/dnug2026/phase6/src/menuItems.ts": {"lines":{"total":94,"covered":82,"skipped":0,"pct":87.23},"functions":{"total":9,"covered":9,"skipped":0,"pct":100},"statements":{"total":95,"covered":83,"skipped":0,"pct":87.36},"branches":{"total":13,"covered":10,"skipped":0,"pct":76.92}}
,"/Users/stw/Code/dnug2026/phase6/src/oidcauth.ts": {"lines":{"total":61,"covered":61,"skipped":0,"pct":100},"functions":{"total":7,"covered":7,"skipped":0,"pct":100},"statements":{"total":62,"covered":62,"skipped":0,"pct":100},"branches":{"total":25,"covered":21,"skipped":0,"pct":84}}
,"/Users/stw/Code/dnug2026/phase6/src/utils.ts": {"lines":{"total":17,"covered":17,"skipped":0,"pct":100},"functions":{"total":4,"covered":4,"skipped":0,"pct":100},"statements":{"total":17,"covered":17,"skipped":0,"pct":100},"branches":{"total":8,"covered":8,"skipped":0,"pct":100}}
,"/Users/stw/Code/dnug2026/phase6/src/components/dnug-actionbar.ts": {"lines":{"total":26,"covered":26,"skipped":0,"pct":100},"functions":{"total":8,"covered":8,"skipped":0,"pct":100},"statements":{"total":26,"covered":26,"skipped":0,"pct":100},"branches":{"total":4,"covered":4,"skipped":0,"pct":100}}
,"/Users/stw/Code/dnug2026/phase6/src/components/dnug-datagrid.ts": {"lines":{"total":37,"covered":34,"skipped":0,"pct":91.89},"functions":{"total":10,"covered":10,"skipped":0,"pct":100},"statements":{"total":37,"covered":34,"skipped":0,"pct":91.89},"branches":{"total":14,"covered":13,"skipped":0,"pct":92.85}}
,"/Users/stw/Code/dnug2026/phase6/src/components/dnug-login.ts": {"lines":{"total":20,"covered":20,"skipped":0,"pct":100},"functions":{"total":5,"covered":5,"skipped":0,"pct":100},"statements":{"total":20,"covered":20,"skipped":0,"pct":100},"branches":{"total":6,"covered":6,"skipped":0,"pct":100}}
}
