TN:
SF:src/auth.ts
FN:39,(anonymous_0)
FN:60,(anonymous_1)
FN:78,(anonymous_2)
FN:84,(anonymous_3)
FN:85,(anonymous_4)
FN:86,(anonymous_5)
FN:111,(anonymous_6)
FN:120,(anonymous_7)
FN:136,(anonymous_8)
FN:160,(anonymous_9)
FN:196,(anonymous_10)
FN:223,(anonymous_11)
FN:241,(anonymous_12)
FN:249,(anonymous_13)
FN:250,(anonymous_14)
FN:268,(anonymous_15)
FN:285,(anonymous_16)
FN:286,(anonymous_17)
FN:292,(anonymous_18)
FN:296,(anonymous_19)
FN:328,(anonymous_20)
FN:373,(anonymous_21)
FN:420,(anonymous_22)
FNF:23
FNH:23
FNDA:8,(anonymous_0)
FNDA:5,(anonymous_1)
FNDA:4,(anonymous_2)
FNDA:3,(anonymous_3)
FNDA:3,(anonymous_4)
FNDA:2,(anonymous_5)
FNDA:20,(anonymous_6)
FNDA:441,(anonymous_7)
FNDA:5,(anonymous_8)
FNDA:7,(anonymous_9)
FNDA:22,(anonymous_10)
FNDA:3,(anonymous_11)
FNDA:2,(anonymous_12)
FNDA:1,(anonymous_13)
FNDA:1,(anonymous_14)
FNDA:2,(anonymous_15)
FNDA:2,(anonymous_16)
FNDA:2,(anonymous_17)
FNDA:2,(anonymous_18)
FNDA:2,(anonymous_19)
FNDA:13,(anonymous_20)
FNDA:13,(anonymous_21)
FNDA:4,(anonymous_22)
DA:39,1
DA:40,8
DA:60,1
DA:61,5
DA:62,5
DA:64,5
DA:68,1
DA:71,4
DA:79,4
DA:80,1
DA:82,3
DA:84,3
DA:85,3
DA:87,2
DA:88,2
DA:94,4
DA:111,1
DA:112,20
DA:113,20
DA:114,2
DA:116,18
DA:117,18
DA:120,441
DA:121,18
DA:122,18
DA:136,1
DA:137,5
DA:139,5
DA:140,11
DA:141,11
DA:142,3
DA:146,2
DA:160,1
DA:161,7
DA:162,5
DA:163,5
DA:164,5
DA:166,5
DA:167,5
DA:168,5
DA:170,5
DA:171,1
DA:174,5
DA:176,5
DA:177,5
DA:178,5
DA:179,5
DA:181,2
DA:196,1
DA:197,22
DA:198,22
DA:200,12
DA:201,12
DA:202,12
DA:203,12
DA:204,10
DA:206,1
DA:223,1
DA:224,3
DA:225,3
DA:226,3
DA:227,3
DA:228,3
DA:229,3
DA:230,3
DA:232,3
DA:233,2
DA:242,2
DA:243,1
DA:244,1
DA:245,1
DA:247,1
DA:249,1
DA:251,1
DA:252,1
DA:254,2
DA:256,1
DA:258,1
DA:268,1
DA:269,2
DA:270,2
DA:285,1
DA:286,2
DA:287,2
DA:288,2
DA:289,0
DA:290,0
DA:292,2
DA:293,2
DA:294,2
DA:296,2
DA:297,2
DA:298,2
DA:300,2
DA:301,2
DA:302,2
DA:328,1
DA:329,13
DA:331,13
DA:332,9
DA:333,9
DA:334,9
DA:336,9
DA:337,3
DA:340,6
DA:341,13
DA:342,5
DA:344,1
DA:346,7
DA:347,7
DA:373,1
DA:374,13
DA:375,6
DA:378,7
DA:379,7
DA:381,4
DA:382,2
DA:383,2
DA:387,3
DA:388,2
DA:389,2
DA:390,1
DA:393,2
DA:420,1
DA:421,4
DA:422,4
DA:423,4
DA:434,4
DA:435,2
DA:436,2
DA:437,2
DA:439,2
DA:442,2
DA:443,2
DA:444,2
LF:135
LH:133
BRDA:64,0,0,1
BRDA:64,0,1,4
BRDA:64,1,0,5
BRDA:64,1,1,4
BRDA:79,2,0,1
BRDA:79,2,1,3
BRDA:88,3,0,2
BRDA:88,3,1,0
BRDA:94,4,0,4
BRDA:94,4,1,2
BRDA:113,5,0,2
BRDA:113,5,1,18
BRDA:141,6,0,3
BRDA:141,6,1,8
BRDA:141,7,0,11
BRDA:141,7,1,3
BRDA:161,8,0,5
BRDA:161,8,1,2
BRDA:161,9,0,7
BRDA:161,9,1,3
BRDA:162,10,0,5
BRDA:162,10,1,1
BRDA:170,11,0,1
BRDA:170,11,1,4
BRDA:198,12,0,10
BRDA:198,12,1,12
BRDA:203,13,0,1
BRDA:203,13,1,11
BRDA:232,14,0,2
BRDA:232,14,1,1
BRDA:242,15,0,1
BRDA:242,15,1,1
BRDA:270,16,0,1
BRDA:270,16,1,1
BRDA:270,17,0,1
BRDA:270,17,1,0
BRDA:288,18,0,0
BRDA:288,18,1,2
BRDA:328,19,0,13
BRDA:328,20,0,13
BRDA:336,21,0,3
BRDA:336,21,1,6
BRDA:340,22,0,6
BRDA:340,22,1,0
BRDA:341,23,0,5
BRDA:341,23,1,8
BRDA:374,24,0,6
BRDA:374,24,1,7
BRDA:379,25,0,4
BRDA:379,25,1,3
BRDA:382,26,0,2
BRDA:382,26,1,0
BRDA:387,27,0,2
BRDA:387,27,1,1
BRDA:389,28,0,1
BRDA:389,28,1,1
BRDA:422,29,0,4
BRDA:422,29,1,3
BRDA:434,30,0,2
BRDA:434,30,1,2
BRDA:437,31,0,2
BRDA:437,31,1,0
BRF:62
BRH:56
end_of_record
TN:
SF:src/constants.ts
FNF:0
FNH:0
DA:14,3
DA:15,3
LF:2
LH:2
BRF:0
BRH:0
end_of_record
TN:
SF:src/customerdata.ts
FN:30,(anonymous_0)
FN:46,(anonymous_1)
FNF:2
FNH:2
FNDA:13,(anonymous_0)
FNDA:10,(anonymous_1)
DA:20,1
DA:27,1
DA:30,1
DA:31,13
DA:46,1
DA:47,10
DA:48,10
DA:49,10
DA:50,9
DA:51,10
DA:53,1
DA:54,1
DA:55,1
LF:13
LH:13
BRDA:46,0,0,10
BRDA:50,1,0,8
BRDA:50,1,1,1
BRF:3
BRH:3
end_of_record
TN:
SF:src/index.ts
FN:31,(anonymous_0)
FN:46,(anonymous_1)
FNF:2
FNH:2
FNDA:3,(anonymous_0)
FNDA:3,(anonymous_1)
DA:31,3
DA:32,3
DA:33,3
DA:34,3
DA:35,3
DA:36,3
DA:37,1
DA:38,1
DA:46,3
DA:47,3
DA:48,3
DA:49,3
DA:54,3
DA:55,2
DA:57,1
LF:15
LH:15
BRDA:34,0,0,3
BRDA:34,0,1,2
BRDA:36,1,0,1
BRDA:36,1,1,2
BRDA:54,2,0,2
BRDA:54,2,1,1
BRF:6
BRH:6
end_of_record
TN:
SF:src/menuItems.ts
FN:34,(anonymous_0)
FN:34,(anonymous_1)
FN:57,(anonymous_2)
FN:72,(anonymous_3)
FN:89,(anonymous_4)
FN:126,(anonymous_5)
FN:163,(anonymous_6)
FN:185,(anonymous_7)
FN:205,(anonymous_8)
FNF:9
FNH:9
FNDA:78,(anonymous_0)
FNDA:1,(anonymous_1)
FNDA:13,(anonymous_2)
FNDA:1,(anonymous_3)
FNDA:1,(anonymous_4)
FNDA:3,(anonymous_5)
FNDA:2,(anonymous_6)
FNDA:3,(anonymous_7)
FNDA:3,(anonymous_8)
DA:34,1
DA:35,78
DA:36,78
DA:37,67
DA:39,11
DA:57,1
DA:58,13
DA:59,13
DA:60,13
DA:61,13
DA:62,13
DA:63,13
DA:72,1
DA:73,1
DA:74,1
DA:75,1
DA:76,1
DA:77,1
DA:89,1
DA:90,1
DA:91,1
DA:92,1
DA:93,1
DA:94,1
DA:95,1
DA:98,1
DA:99,1
DA:100,1
DA:101,0
DA:102,0
DA:103,0
DA:104,0
DA:105,0
DA:106,0
DA:108,1
DA:110,0
DA:111,0
DA:112,0
DA:113,0
DA:114,0
DA:115,0
DA:126,1
DA:127,3
DA:128,3
DA:129,3
DA:130,3
DA:131,3
DA:132,3
DA:135,3
DA:136,3
DA:137,2
DA:138,1
DA:139,1
DA:140,1
DA:141,1
DA:142,1
DA:143,1
DA:145,1
DA:147,1
DA:148,1
DA:149,1
DA:150,1
DA:151,1
DA:152,1
DA:163,1
DA:164,2
DA:165,2
DA:166,2
DA:167,2
DA:168,1
DA:169,1
DA:171,1
DA:172,1
DA:173,1
DA:174,1
DA:185,1
DA:186,3
DA:187,3
DA:188,3
DA:189,3
DA:190,3
DA:205,1
DA:206,3
DA:207,3
DA:208,1
DA:209,1
DA:210,1
DA:213,2
DA:214,2
DA:215,2
DA:216,2
DA:218,1
DA:219,1
DA:220,1
LF:94
LH:82
BRDA:34,0,0,1
BRDA:36,1,0,67
BRDA:36,1,1,11
BRDA:92,2,0,1
BRDA:92,2,1,0
BRDA:100,3,0,0
BRDA:100,3,1,1
BRDA:129,4,0,3
BRDA:129,4,1,0
BRDA:137,5,0,1
BRDA:137,5,1,1
BRDA:207,6,0,1
BRDA:207,6,1,2
BRF:13
BRH:10
end_of_record
TN:
SF:src/oidcauth.ts
FN:36,(anonymous_0)
FN:76,(anonymous_1)
FN:93,(anonymous_2)
FN:106,(anonymous_3)
FN:122,(anonymous_4)
FN:147,(anonymous_5)
FN:181,(anonymous_6)
FNF:7
FNH:7
FNDA:5,(anonymous_0)
FNDA:10,(anonymous_1)
FNDA:5,(anonymous_2)
FNDA:5,(anonymous_3)
FNDA:3,(anonymous_4)
FNDA:5,(anonymous_5)
FNDA:2,(anonymous_6)
DA:36,1
DA:37,5
DA:38,5
DA:39,5
DA:40,5
DA:42,5
DA:43,1
DA:44,4
DA:45,3
DA:48,5
DA:49,1
DA:50,4
DA:51,3
DA:54,5
DA:55,1
DA:57,4
DA:58,1
DA:62,3
DA:63,1
DA:64,1
DA:67,3
DA:76,1
DA:77,10
DA:78,10
DA:79,10
DA:80,10
DA:81,10
DA:82,800
DA:84,10
DA:93,1
DA:94,5
DA:95,5
DA:96,5
DA:97,5
DA:106,1
DA:107,5
DA:122,1
DA:123,3
DA:133,3
DA:147,1
DA:148,5
DA:149,5
DA:150,5
DA:151,5
DA:152,5
DA:154,3
DA:155,3
DA:156,3
DA:158,3
DA:160,2
DA:161,2
DA:162,2
DA:181,1
DA:182,2
DA:183,2
DA:185,2
DA:199,2
DA:200,1
DA:202,1
DA:203,1
DA:204,1
LF:61
LH:61
BRDA:42,0,0,1
BRDA:42,0,1,4
BRDA:44,1,0,3
BRDA:44,1,1,1
BRDA:48,2,0,1
BRDA:48,2,1,4
BRDA:50,3,0,3
BRDA:50,3,1,1
BRDA:54,4,0,1
BRDA:54,4,1,4
BRDA:57,5,0,1
BRDA:57,5,1,3
BRDA:62,6,0,1
BRDA:62,6,1,2
BRDA:76,7,0,10
BRDA:160,8,0,2
BRDA:160,8,1,0
BRDA:193,9,0,2
BRDA:193,9,1,0
BRDA:195,10,0,2
BRDA:195,10,1,0
BRDA:196,11,0,2
BRDA:196,11,1,0
BRDA:199,12,0,1
BRDA:199,12,1,1
BRF:25
BRH:21
end_of_record
TN:
SF:src/utils.ts
FN:26,(anonymous_0)
FN:35,(anonymous_1)
FN:63,(anonymous_2)
FN:73,(anonymous_3)
FNF:4
FNH:4
FNDA:11,(anonymous_0)
FNDA:5,(anonymous_1)
FNDA:9,(anonymous_2)
FNDA:5,(anonymous_3)
DA:26,2
DA:27,11
DA:29,11
DA:30,7
DA:34,4
DA:35,4
DA:36,5
DA:37,1
DA:41,4
DA:63,2
DA:64,9
DA:66,9
DA:67,6
DA:71,3
DA:73,9
DA:74,5
DA:77,9
LF:17
LH:17
BRDA:29,0,0,7
BRDA:29,0,1,4
BRDA:36,1,0,1
BRDA:36,1,1,4
BRDA:66,2,0,6
BRDA:66,2,1,3
BRDA:71,3,0,1
BRDA:71,3,1,2
BRF:8
BRH:8
end_of_record
TN:
SF:src/components/dnug-actionbar.ts
FN:156,(anonymous_0)
FN:47,connectedCallback
FN:57,disconnectedCallback
FN:98,render
FN:164,syncAuthState
FN:170,toggleColorScheme
FN:179,openLogin
FN:194,openLogout
FNF:8
FNH:8
FNDA:1,(anonymous_0)
FNDA:8,connectedCallback
FNDA:7,disconnectedCallback
FNDA:10,render
FNDA:10,syncAuthState
FNDA:2,toggleColorScheme
FNDA:2,openLogin
FNDA:1,openLogout
DA:33,1
DA:34,1
DA:36,1
DA:37,8
DA:40,1
DA:41,8
DA:48,8
DA:49,8
DA:50,8
DA:58,7
DA:59,7
DA:63,1
DA:99,10
DA:156,8
DA:157,1
DA:165,10
DA:166,10
DA:171,2
DA:180,2
DA:181,2
DA:183,2
DA:184,1
DA:186,1
DA:195,1
DA:196,1
DA:197,1
LF:26
LH:26
BRDA:123,0,0,3
BRDA:123,0,1,7
BRDA:183,1,0,1
BRDA:183,1,1,1
BRF:4
BRH:4
end_of_record
TN:
SF:src/components/dnug-datagrid.ts
FN:29,parseFields
FN:32,(anonymous_1)
FN:33,(anonymous_2)
FN:94,addRow
FN:106,addRows
FN:114,render
FN:123,(anonymous_6)
FN:127,(anonymous_7)
FN:130,(anonymous_8)
FN:148,cellValue
FNF:10
FNH:10
FNDA:37,parseFields
FNDA:57,(anonymous_1)
FNDA:57,(anonymous_2)
FNDA:2,addRow
FNDA:3,addRows
FNDA:33,render
FNDA:24,(anonymous_6)
FNDA:20,(anonymous_7)
FNDA:39,(anonymous_8)
FNDA:39,cellValue
DA:30,37
DA:32,57
DA:33,57
DA:39,2
DA:40,2
DA:42,2
DA:43,19
DA:46,2
DA:47,19
DA:50,2
DA:51,19
DA:54,2
DA:55,19
DA:58,2
DA:95,2
DA:96,2
DA:107,3
DA:108,1
DA:110,2
DA:111,2
DA:115,33
DA:116,33
DA:117,20
DA:119,13
DA:123,24
DA:128,20
DA:130,39
DA:149,39
DA:150,5
DA:152,34
DA:153,34
DA:154,2
DA:156,32
DA:157,0
DA:158,0
DA:160,0
DA:163,32
LF:37
LH:34
BRDA:107,0,0,1
BRDA:107,0,1,2
BRDA:116,1,0,20
BRDA:116,1,1,13
BRDA:116,2,0,33
BRDA:116,2,1,16
BRDA:149,3,0,5
BRDA:149,3,1,34
BRDA:153,4,0,2
BRDA:153,4,1,32
BRDA:153,5,0,34
BRDA:153,5,1,33
BRDA:156,6,0,0
BRDA:156,6,1,32
BRF:14
BRH:13
end_of_record
TN:
SF:src/components/dnug-login.ts
FN:54,show
FN:59,hide
FN:73,handleSubmit
FN:96,onOidcLogin
FN:107,render
FNF:5
FNH:5
FNDA:2,show
FNDA:2,hide
FNDA:3,handleSubmit
FNDA:1,onOidcLogin
FNDA:7,render
DA:32,1
DA:33,1
DA:35,1
DA:39,5
DA:42,1
DA:55,2
DA:60,2
DA:74,3
DA:76,3
DA:77,3
DA:78,3
DA:79,3
DA:80,3
DA:81,3
DA:82,1
DA:83,1
DA:85,2
DA:97,1
DA:98,1
DA:108,7
LF:20
LH:20
BRDA:78,0,0,3
BRDA:78,0,1,1
BRDA:79,1,0,3
BRDA:79,1,1,1
BRDA:81,2,0,1
BRDA:81,2,1,2
BRF:6
BRH:6
end_of_record
